# 
# Steps log generated by v++
# This log file contains a collection of steps that describe the kernel compilation flow
# Note: Some steps are tagged as internal, these steps are for debugging purposes and 
#       are not expected to be able to run independently.
# 

# The following environment variables are set when running v++
Environment variables :
------------------------------------------
_RDI_DONT_SET_XILINX_AS_PATH=True
XDG_SESSION_ID=42706
HOSTNAME=r7515ed520
SELINUX_ROLE_REQUESTED=
XILINX_DSP=
SHELL=/bin/bash
TERM=xterm
MAKEFLAGS=DEVICE=xilinx_u50_xdma_201920_1 TARGET=sw_emu
HISTSIZE=1000
SSH_CLIENT=1.172.209.140 62917 22
MYVIVADO=
SELINUX_USE_CURRENT_RANGE=
RDI_TPS_ROOT=/opt/Xilinx/Vivado/2019.2/tps/lnx64
QTDIR=/usr/lib64/qt-3.3
HDI_PROCESSOR=x86_64
QTINC=/usr/lib64/qt-3.3/include
SYNTH_COMMON=/opt/Xilinx/Vitis/2019.2/scripts/rt/data
SSH_TTY=/dev/pts/8
RDI_JAVA_VERSION=9.0.4
RT_TCL_PATH=/opt/Xilinx/Vitis/2019.2/scripts/rt/base_tcl/tcl
RDI_PREPEND_PATH=/opt/Xilinx/Vitis/2019.2/bin
QT_GRAPHICSSYSTEM_CHECKED=1
RDI_OPT_EXT=.o
MAKEOVERRIDES=${-*-command-variables-*-}
USER=YL_HUANG
LS_COLORS=rs=0:di=01;34:ln=01;36:mh=00:pi=40;33:so=01;35:do=01;35:bd=40;33;01:cd=40;33;01:or=40;31;01:mi=01;05;37;41:su=37;41:sg=30;43:ca=30;41:tw=30;42:ow=34;42:st=37;44:ex=01;32:*.tar=01;31:*.tgz=01;31:*.arc=01;31:*.arj=01;31:*.taz=01;31:*.lha=01;31:*.lz4=01;31:*.lzh=01;31:*.lzma=01;31:*.tlz=01;31:*.txz=01;31:*.tzo=01;31:*.t7z=01;31:*.zip=01;31:*.z=01;31:*.Z=01;31:*.dz=01;31:*.gz=01;31:*.lrz=01;31:*.lz=01;31:*.lzo=01;31:*.xz=01;31:*.bz2=01;31:*.bz=01;31:*.tbz=01;31:*.tbz2=01;31:*.tz=01;31:*.deb=01;31:*.rpm=01;31:*.jar=01;31:*.war=01;31:*.ear=01;31:*.sar=01;31:*.rar=01;31:*.alz=01;31:*.ace=01;31:*.zoo=01;31:*.cpio=01;31:*.7z=01;31:*.rz=01;31:*.cab=01;31:*.jpg=01;35:*.jpeg=01;35:*.gif=01;35:*.bmp=01;35:*.pbm=01;35:*.pgm=01;35:*.ppm=01;35:*.tga=01;35:*.xbm=01;35:*.xpm=01;35:*.tif=01;35:*.tiff=01;35:*.png=01;35:*.svg=01;35:*.svgz=01;35:*.mng=01;35:*.pcx=01;35:*.mov=01;35:*.mpg=01;35:*.mpeg=01;35:*.m2v=01;35:*.mkv=01;35:*.webm=01;35:*.ogm=01;35:*.mp4=01;35:*.m4v=01;35:*.mp4v=01;35:*.vob=01;35:*.qt=01;35:*.nuv=01;35:*.wmv=01;35:*.asf=01;35:*.rm=01;35:*.rmvb=01;35:*.flc=01;35:*.avi=01;35:*.fli=01;35:*.flv=01;35:*.gl=01;35:*.dl=01;35:*.xcf=01;35:*.xwd=01;35:*.yuv=01;35:*.cgm=01;35:*.emf=01;35:*.axv=01;35:*.anx=01;35:*.ogv=01;35:*.ogx=01;35:*.aac=01;36:*.au=01;36:*.flac=01;36:*.mid=01;36:*.midi=01;36:*.mka=01;36:*.mp3=01;36:*.mpc=01;36:*.ogg=01;36:*.ra=01;36:*.wav=01;36:*.axa=01;36:*.oga=01;36:*.spx=01;36:*.xspf=01;36:
LD_LIBRARY_PATH=/opt/Xilinx/Vitis/2019.2/lib/lnx64.o/Default:/opt/Xilinx/Vitis/2019.2/lib/lnx64.o:/opt/Xilinx/Vitis/2019.2/tps/lnx64/jre9.0.4/lib/:/opt/Xilinx/Vitis/2019.2/tps/lnx64/jre9.0.4/lib//server:/opt/Xilinx/Vitis/2019.2/lib/lnx64.o/Default:/opt/Xilinx/Vitis/2019.2/lib/lnx64.o:/opt/xilinx/xrt/lib:/opt/Xilinx/Vitis/2019.2/lib/lnx64.o/Default:/opt/Xilinx/Vitis/2019.2/lib/lnx64.o:/opt/Xilinx/Vitis/2019.2/runtime/lib/x86_64:/opt/Xilinx/Vitis/2019.2/bin/../lnx64/tools/dot/lib
RDI_PATCHROOT=
TCL_LIBRARY=/opt/Xilinx/Vitis/2019.2/tps/tcl/tcl8.5
RDI_PLATFORM=lnx64
MAKELEVEL=1
RDI_BUILD=yes
MFLAGS=
RT_LIBPATH=/opt/Xilinx/Vitis/2019.2/scripts/rt/data
RDI_LIBDIR=/opt/Xilinx/Vitis/2019.2/lib/lnx64.o/Default:/opt/Xilinx/Vitis/2019.2/lib/lnx64.o
PATH=/opt/Xilinx/Vivado/2019.2/tps/lnx64/binutils-2.26/bin:/opt/Xilinx/Vitis/2019.2/bin/../gnu/aarch64/lin/aarch64-linux/bin:/opt/Xilinx/Vitis/2019.2/bin/../gnu/ppc64le/4.9.3/lnx64/bin:/opt/Xilinx/Vitis/2019.2/bin/../gnu/aarch32/lin/gcc-arm-linux-gnueabi/bin:/opt/Xilinx/Vivado/2019.2/tps/lnx64/gcc-6.2.0/bin:/opt/Xilinx/Vivado/2019.2/gnu/microblaze/lin/bin:/opt/Xilinx/Vitis/2019.2/bin:/opt/Xilinx/Vitis/2019.2/tps/lnx64/jre9.0.4/bin:/opt/Xilinx/Vivado/2019.2/bin:/opt/xilinx/xrt/bin:/opt/Xilinx/Vitis/2019.2/gnu/microblaze/lin/bin:/opt/Xilinx/Vitis/2019.2/gnu/arm/lin/bin:/opt/Xilinx/Vitis/2019.2/gnu/microblaze/linux_toolchain/lin64_le/bin:/opt/Xilinx/Vitis/2019.2/gnu/aarch32/lin/gcc-arm-linux-gnueabi/bin:/opt/Xilinx/Vitis/2019.2/gnu/aarch32/lin/gcc-arm-none-eabi/bin:/opt/Xilinx/Vitis/2019.2/gnu/aarch64/lin/aarch64-linux/bin:/opt/Xilinx/Vitis/2019.2/gnu/aarch64/lin/aarch64-none/bin:/opt/Xilinx/Vitis/2019.2/gnu/armr5/lin/gcc-arm-none-eabi/bin:/opt/Xilinx/Vitis/2019.2/tps/lnx64/cmake-3.3.2/bin:/usr/lib64/qt-3.3/bin:/usr/local/bin:/usr/bin:/usr/local/sbin:/usr/sbin:/home/YL_HUANG/.local/bin:/home/YL_HUANG/bin
MAIL=/var/spool/mail/YL_HUANG
XILINX_VITIS=/opt/Xilinx/Vitis/2019.2
PWD=/home/YL_HUANG/5_13/hls4ml_ours
XILINX_XRT=/opt/xilinx/xrt
XIL_CHECK_TCL_DEBUG=False
LANG=en_US.UTF-8
XILINX_VIVADO_HLS=/opt/Xilinx/Vivado/2019.2
HDI_APPROOT=/opt/Xilinx/Vitis/2019.2
SELINUX_LEVEL_REQUESTED=
XILINX_HLS=/opt/Xilinx/Vivado/2019.2
XILINX_VIVADO=/opt/Xilinx/Vivado/2019.2
XILINX_SDK=/opt/Xilinx/Vitis/2019.2
HISTCONTROL=ignoredups
ISL_IOSTREAMS_RSA=/opt/Xilinx/Vitis/2019.2/tps/isl
HOME=/home/YL_HUANG
SHLVL=3
RDI_BASEROOT=/opt/Xilinx/Vitis
DEVICE=xilinx_u50_xdma_201920_1
RDI_APPROOT=/opt/Xilinx/Vitis/2019.2
TARGET=sw_emu
LOGNAME=YL_HUANG
PYTHONPATH=/opt/xilinx/xrt/python:
RDI_JAVA_PLATFORM=
QTLIB=/usr/lib64/qt-3.3/lib
XDG_DATA_DIRS=/home/YL_HUANG/.local/share/flatpak/exports/share:/var/lib/flatpak/exports/share:/usr/local/share:/usr/share
SSH_CONNECTION=1.172.209.140 62917 140.113.225.125 22
RDI_BINROOT=/opt/Xilinx/Vitis/2019.2/bin
LESSOPEN=||/usr/bin/lesspipe.sh %s
XILINX_ENABLE_SCOUT_HLS=0
RDI_PROG=/opt/Xilinx/Vitis/2019.2/bin/unwrapped/lnx64.o/v++
XDG_RUNTIME_DIR=/run/user/1016
DISPLAY=localhost:13.0
XIL_NO_OVERRIDE=0
XIL_SUPPRESS_OVERRIDE_WARNINGS=1
XILINX_PLANAHEAD=/opt/Xilinx/Vitis/2019.2
HDIPRELDPATH=/opt/Xilinx/Vitis/2019.2/lib/lnx64.o/Default:/opt/Xilinx/Vitis/2019.2/lib/lnx64.o:/opt/xilinx/xrt/lib:/opt/Xilinx/Vitis/2019.2/lib/lnx64.o/Default:/opt/Xilinx/Vitis/2019.2/lib/lnx64.o:/opt/Xilinx/Vitis/2019.2/runtime/lib/x86_64:/opt/Xilinx/Vitis/2019.2/bin/../lnx64/tools/dot/lib
RDI_INSTALLVER=2019.2
RDI_DATADIR=/opt/Xilinx/Vitis/2019.2/data
RDI_INSTALLROOT=/opt/Xilinx
_=/opt/Xilinx/Vitis/2019.2/bin/unwrapped/lnx64.o/v++
XILINX_CD_CONNECT_ID=40561
XILINX_CD_SESSION=5ec27eaa-dc60-4415-af5d-6ffc4c9f2523
XILINX_RS_PORT=46088
XILINX_RS_SESSION=fc3b11b7-dc42-430b-947f-fcf571fd954c


V++ command line :
------------------------------------------
/opt/Xilinx/Vitis/2019.2/bin/unwrapped/lnx64.o/v++ -t sw_emu --platform xilinx_u50_xdma_201920_1 --save-temps -g --temp_dir ./_x.sw_emu.xilinx_u50_xdma_201920_1 -c -k alveo_hls4ml -Isrc -o_x.sw_emu.xilinx_u50_xdma_201920_1/alveo_hls4ml.xo src/alveo_hls4ml.cpp src/myproject.cpp -DMYPROJ=myproject -DIS_DENSE -I./src/ -I./src/weights -I./src/nnet_utils/ --config config.ini --kernel_frequency 300 
  Options from -O    :  --xp "vivado_prop:run.__KERNEL__.{STEPS.SYNTH_DESIGN.ARGS.MORE OPTIONS}={-directive sdx_optimization_effort_high}" --xp "misc:report=type report_timing_summary name impl_report_timing_summary_route_design_summary steps {route_design} runs {impl_1} options {-max_paths 10}" --xp "misc:report=type report_timing_summary name impl_report_timing_summary_post_route_phys_opt_design_summary steps {post_route_phys_opt_design} runs {impl_1} options {-max_paths 10}"
  Options from *.ini : 
  Options from Hw Platform : 

Target platform : /opt/xilinx/platforms/xilinx_u50_xdma_201920_1/xilinx_u50_xdma_201920_1.xpfm


==========================================
new:  steps log generated by v++ for new launch 
timestamp: 19 May 2022 17:05:09
------------------------------------------
step: performing high-level synthesis for kernel:alveo_hls4ml
timestamp: 19 May 2022 17:06:27
launch dir: /home/YL_HUANG/5_13/hls4ml_ours/_x.sw_emu.xilinx_u50_xdma_201920_1/alveo_hls4ml/alveo_hls4ml
cmd: vivado_hls -f /home/YL_HUANG/5_13/hls4ml_ours/_x.sw_emu.xilinx_u50_xdma_201920_1/alveo_hls4ml/alveo_hls4ml/alveo_hls4ml.tcl -messageDb vivado_hls.pb
------------------------------------------
V++ internal step: generating system estimate report file
timestamp: 19 May 2022 17:06:27
output: /home/YL_HUANG/5_13/hls4ml_ours/_x.sw_emu.xilinx_u50_xdma_201920_1/reports/alveo_hls4ml/system_estimate_alveo_hls4ml.xtxt
