XRT Build Version: 2.12.427 (2021.2)
       Build Date: 2021-10-09 05:06:49
          Hash ID: 2719b6027e185000fc49783171631db03fc0ef79
Creating a default 'in-memory' xclbin image.

Section: 'BITSTREAM'(0) was successfully added.
Size   : 2055752 bytes
Format : RAW
File   : '/home/YL_HUANG/5_13/hls4ml_ours/build_dir.sw_emu.xilinx_u50_xdma_201920_1/link/int/alveo_hls4ml.so'
WARNING: Skipping CLOCK_FREQ_TOPOLOGY section for count size is zero.
WARNING: Section 'CLOCK_FREQ_TOPOLOGY' content is empty.  No data in the given JSON file.

Section: 'CLOCK_FREQ_TOPOLOGY'(11) was empty.  No action taken.
Format : JSON
File   : '/home/YL_HUANG/5_13/hls4ml_ours/build_dir.sw_emu.xilinx_u50_xdma_201920_1/link/int/alveo_hls4ml_xml.rtd'

Section: 'BUILD_METADATA'(14) was successfully added.
Size   : 3805 bytes
Format : JSON
File   : '/home/YL_HUANG/5_13/hls4ml_ours/build_dir.sw_emu.xilinx_u50_xdma_201920_1/link/int/alveo_hls4ml_build.rtd'

Section: 'EMBEDDED_METADATA'(2) was successfully added.
Size   : 3114 bytes
Format : RAW
File   : '/home/YL_HUANG/5_13/hls4ml_ours/build_dir.sw_emu.xilinx_u50_xdma_201920_1/link/int/alveo_hls4ml.xml'

Section: 'DEBUG_DATA'(4) was successfully added.
Size   : 0 bytes
Format : RAW
File   : '/dev/null'
Successfully wrote (2068411 bytes) to the output file: /home/YL_HUANG/5_13/hls4ml_ours/build_dir.sw_emu.xilinx_u50_xdma_201920_1/link/int/alveo_hls4ml.xclbin
Leaving xclbinutil.
