INFO-FLOW: Workspace /home/YL_HUANG/5_13/hls4ml_ours/_x.sw_emu.xilinx_u50_xdma_201920_1/alveo_hls4ml/alveo_hls4ml/alveo_hls4ml/solution opened at Thu May 19 17:05:11 CST 2022
Execute     set_part xcu50-fsvh2104-2L-e 
Execute       ap_part_info -name xcu50-fsvh2104-2L-e -data single -quiet 
Command       ap_part_info done; 1.72 sec.
Execute       ap_part_info -name xcu50-fsvh2104-2L-e -data info 
Execute       add_library xilinx/virtexuplus/virtexuplus:xcu50:-fsvh2104:-2L-e 
Execute         get_default_platform 
Execute         open_platform DefaultPlatform 
Execute         import_lib /opt/Xilinx/Vivado/2019.2/common/technology/xilinx/virtexuplus/virtexuplus 
Execute           source /opt/Xilinx/Vivado/2019.2/common/technology/xilinx/common/xilinx.lib 
Execute             source /opt/Xilinx/Vivado/2019.2/common/technology/xilinx/interface/xilinx_interface.lib 
Execute               source /opt/Xilinx/Vivado/2019.2/common/technology/xilinx/interface/plb46.lib 
Execute               source /opt/Xilinx/Vivado/2019.2/common/technology/xilinx/interface/fsl.lib 
Execute               source /opt/Xilinx/Vivado/2019.2/common/technology/xilinx/interface/axi4.lib 
Execute               source /opt/Xilinx/Vivado/2019.2/common/technology/xilinx/interface/maxi.lib 
Execute               source /opt/Xilinx/Vivado/2019.2/common/technology/xilinx/interface/saxilite.lib 
Execute             source /opt/Xilinx/Vivado/2019.2/common/technology/xilinx/common/dsp48.lib 
Execute             source /opt/Xilinx/Vivado/2019.2/common/technology/xilinx/ip/xfir.lib 
Execute             source /opt/Xilinx/Vivado/2019.2/common/technology/xilinx/ip/dds_compiler.lib 
Execute             source /opt/Xilinx/Vivado/2019.2/common/technology/xilinx/ip/xfft.lib 
Execute           source /opt/Xilinx/Vivado/2019.2/common/technology/xilinx/common/xilinx.hlp 
Execute             source /opt/Xilinx/Vivado/2019.2/common/technology/xilinx/common/target_info.tcl 
Execute             source /opt/Xilinx/Vivado/2019.2/common/technology/xilinx/interface/xilinx_interface.hlp 
Execute               source /opt/Xilinx/Vivado/2019.2/common/technology/xilinx/interface/maxi.hlp 
Execute               source /opt/Xilinx/Vivado/2019.2/common/technology/xilinx/interface/saxilite.hlp 
Execute             source /opt/Xilinx/Vivado/2019.2/common/technology/xilinx/common/dsp48.hlp 
Execute           source /opt/Xilinx/Vivado/2019.2/common/technology/xilinx/virtexuplus/dsp48e2.hlp 
Execute           source /opt/Xilinx/Vivado/2019.2/common/technology/xilinx/common/xilinx.hlp 
Execute             source /opt/Xilinx/Vivado/2019.2/common/technology/xilinx/common/target_info.tcl 
Execute             source /opt/Xilinx/Vivado/2019.2/common/technology/xilinx/interface/xilinx_interface.hlp 
Execute               source /opt/Xilinx/Vivado/2019.2/common/technology/xilinx/interface/maxi.hlp 
Execute               source /opt/Xilinx/Vivado/2019.2/common/technology/xilinx/interface/saxilite.hlp 
Execute             source /opt/Xilinx/Vivado/2019.2/common/technology/xilinx/common/dsp48.hlp 
Execute         source /opt/Xilinx/Vivado/2019.2/common/technology/xilinx/virtexuplus/virtexuplus.gen 
Execute           source /opt/Xilinx/Vivado/2019.2/common/technology/xilinx/common/xilinx.gen 
Execute             source /opt/Xilinx/Vivado/2019.2/common/technology/xilinx/interface/plb46.gen 
Execute             source /opt/Xilinx/Vivado/2019.2/common/technology/xilinx/interface/fsl.gen 
Execute             source /opt/Xilinx/Vivado/2019.2/common/technology/xilinx/interface/axi4.gen 
Execute             source /opt/Xilinx/Vivado/2019.2/common/technology/xilinx/interface/nativeAXI4.gen 
Execute               source /opt/Xilinx/Vivado/2019.2/common/technology/xilinx/interface/saxilite.gen 
Execute               source /opt/Xilinx/Vivado/2019.2/common/technology/xilinx/interface/maxi.gen 
Execute             source /opt/Xilinx/Vivado/2019.2/common/technology/xilinx/scripts/xilinxcoregen.gen 
Execute             source /opt/Xilinx/Vivado/2019.2/common/technology/xilinx/interface/XilEDKCoreGen.gen 
Execute             source /opt/Xilinx/Vivado/2019.2/common/technology/xilinx/ip/dds_compiler.gen 
Execute             source /opt/Xilinx/Vivado/2019.2/common/technology/xilinx/ip/util.gen 
Execute             source /opt/Xilinx/Vivado/2019.2/common/technology/xilinx/ip/xfft.gen 
Execute             source /opt/Xilinx/Vivado/2019.2/common/technology/xilinx/ip/xfir.gen 
Execute             source /opt/Xilinx/Vivado/2019.2/common/technology/xilinx/common/dsp48.gen 
Command           ap_source done; 0.11 sec.
Command         ap_source done; 0.11 sec.
Execute         ap_part_info -data single -name xcu50-fsvh2104-2L-e 
Execute         ap_part_info -name xcu50-fsvh2104-2L-e -data resources 
Execute         ap_part_info -name xcu50-fsvh2104-2L-e -data info 
Execute         ap_part_info -name xcu50-fsvh2104-2L-e -data info 
Execute         config_chip_info -quiet -resource {SLICE 108960} {LUT 871680} {FF 1743360} {DSP48E 5952} {BRAM 2688} {URAM 640} {SLR 2} 
Execute         ap_part_info -name xcu50-fsvh2104-2L-e -data info 
Execute         config_chip_info -quiet -speed medium 
Command       add_library done; 0.16 sec.
Execute       add_library xilinx/virtexuplus/virtexuplus_fpv7 
Execute         get_default_platform 
Execute         open_platform DefaultPlatform 
Execute         import_lib /opt/Xilinx/Vivado/2019.2/common/technology/xilinx/virtexuplus/virtexuplus_fpv7 
Execute           source /opt/Xilinx/Vivado/2019.2/common/technology/xilinx/common/xilinx_fp.lib 
Execute           source /opt/Xilinx/Vivado/2019.2/common/technology/xilinx/common/xilinx_fp.hlp 
Execute             source /opt/Xilinx/Vivado/2019.2/common/technology/xilinx/common/xilinx.hlp 
Execute               source /opt/Xilinx/Vivado/2019.2/common/technology/xilinx/common/target_info.tcl 
Execute               source /opt/Xilinx/Vivado/2019.2/common/technology/xilinx/interface/xilinx_interface.hlp 
Execute                 source /opt/Xilinx/Vivado/2019.2/common/technology/xilinx/interface/maxi.hlp 
Execute                 source /opt/Xilinx/Vivado/2019.2/common/technology/xilinx/interface/saxilite.hlp 
Execute               source /opt/Xilinx/Vivado/2019.2/common/technology/xilinx/common/dsp48.hlp 
Execute         source /opt/Xilinx/Vivado/2019.2/common/technology/xilinx/virtexuplus/virtexuplus_fpv7.gen 
Execute           source /opt/Xilinx/Vivado/2019.2/common/technology/xilinx/common/xilinx_fp.gen 
INFO: [HLS 200-10] Setting target device to 'xcu50-fsvh2104-2L-e'
Execute       ap_part_info -name xcu50-fsvh2104-2L-e -data info 
Execute       get_default_platform 
Command     set_part done; 1.99 sec.
Execute     create_clock -period 300.000000MHz -name default 
Execute       config_clock -quiet -name default -period 3.333 -unit ns -default=false 
INFO: [SYN 201-201] Setting up clock 'default' with a period of 3.333ns.
Execute     config_sdx -target xocc 
Execute       send_msg_by_id INFO @200-435@%s%s 'config_sdx -target' config_export -vivado_optimization_level=0 
INFO: [HLS 200-435] Setting 'config_sdx -target' configuration: config_export -vivado_optimization_level=0
Execute       config_export -vivado_optimization_level=0 
Execute         get_config_export -vivado_impl_strategy 
Execute         get_config_export -vivado_phys_opt 
Execute         send_msg_by_id INFO @200-435@%s%s 'config_export -vivado_optimization_level' config_export -vivado_phys_opt=none 
INFO: [HLS 200-435] Setting 'config_export -vivado_optimization_level' configuration: config_export -vivado_phys_opt=none
Execute         config_export -vivado_phys_opt=none 
Execute       get_config_compile -pipeline_loops 
Execute       send_msg_by_id INFO @200-435@%s%s 'config_sdx -target' config_compile -pipeline_loops=64 
INFO: [HLS 200-435] Setting 'config_sdx -target' configuration: config_compile -pipeline_loops=64
Execute       config_compile -pipeline_loops=64 
INFO: [XFORM 203-1171] Pipeline the innermost loop with trip count more than 64 or its parent loop when its trip count is less than or equal 64.
Execute       get_config_compile -name_max_length 
Execute       send_msg_by_id INFO @200-435@%s%s 'config_sdx -target' config_compile -name_max_length=80 
INFO: [HLS 200-435] Setting 'config_sdx -target' configuration: config_compile -name_max_length=80
Execute       config_compile -name_max_length=80 
INFO: [XFORM 203-1161] The maximum of name length is set into 80.
Execute       get_config_schedule -enable_dsp_full_reg 
Execute       send_msg_by_id INFO @200-435@%s%s 'config_sdx -target' config_schedule -enable_dsp_full_reg=1 
INFO: [HLS 200-435] Setting 'config_sdx -target' configuration: config_schedule -enable_dsp_full_reg=1
Execute       config_schedule -enable_dsp_full_reg=1 
Execute       get_config_rtl -register_reset_num 
Execute       send_msg_by_id INFO @200-435@%s%s 'config_sdx -target' config_rtl -register_reset_num=3 
INFO: [HLS 200-435] Setting 'config_sdx -target' configuration: config_rtl -register_reset_num=3
Execute       config_rtl -register_reset_num=3 
Execute       get_config_rtl -module_auto_prefix 
Execute       send_msg_by_id INFO @200-435@%s%s 'config_sdx -target' config_rtl -module_auto_prefix=1 
INFO: [HLS 200-435] Setting 'config_sdx -target' configuration: config_rtl -module_auto_prefix=1
Execute       config_rtl -module_auto_prefix=1 
Execute       get_config_interface -m_axi_addr64 
Execute       send_msg_by_id INFO @200-435@%s%s 'config_sdx -target' config_interface -m_axi_addr64=1 
INFO: [HLS 200-435] Setting 'config_sdx -target' configuration: config_interface -m_axi_addr64=1
Execute       config_interface -m_axi_addr64=1 
Execute       send_msg_by_id INFO @200-435@%s%s 'config_sdx -target' set_clock_uncertainty 27% 
INFO: [HLS 200-435] Setting 'config_sdx -target' configuration: set_clock_uncertainty 27%
Execute       set_clock_uncertainty 27% 
Execute         get_clock_period -default -name=default 
Execute         config_clock -quiet -name default -uncertainty 0.9 -unit % 
INFO: [SYN 201-201] Setting up clock 'default' with an uncertainty of 0.9ns.
Execute     config_rtl -kernel_profile 
Execute     config_export -vivado_optimization_level 0 
Execute       get_config_export -vivado_impl_strategy 
Execute       get_config_export -vivado_phys_opt 
Execute     config_dataflow -strict_mode warning 
Execute     config_debug -enable 
Execute     set_clock_uncertainty 27.000000% 
Execute       get_clock_period -default -name=default 
Execute       config_clock -quiet -name default -uncertainty 0.9 -unit % 
INFO: [SYN 201-201] Setting up clock 'default' with an uncertainty of 0.9ns.
Execute     config_rtl -enable_maxiConservative=1 
Execute     config_interface -m_axi_addr64 
Execute     config_compile -skip_transform 
Execute     config_export -format ip_catalog -ipname alveo_hls4ml 
Execute     csynth_design 
Execute       get_config_compile -dump_cfg 
Execute       get_config_compile -effort 
Execute       get_config_compile -enable_clang39 
Execute       get_config_compile -g 
Execute       get_config_compile -ng 
Execute       get_config_compile -opt_fp 
Execute       get_config_compile -skip_cdt 
Execute       get_config_compile -skip_syncheck 
Execute       get_config_compile -skip_transform 
Execute       get_config_compile -keep_printf 
Execute       elaborate -effort=medium -skip_syncheck=0 -keep_printf=0 -skip_cdt=0 -skip_transform=1 -ng=0 -g=0 -opt_fp=0 -from_csynth_design=1 
Execute         get_config_schedule -relax_ii_for_timing 
INFO: [SCHED 204-61] Option 'relax_ii_for_timing' is enabled, will increase II to preserve clock frequency constraints.
Execute         get_config_schedule -suppress_dependence_error_break 
INFO: [HLS 200-10] Analyzing design file '/home/YL_HUANG/5_13/hls4ml_ours/src/myproject.cpp' ... 
INFO-FLOW: Compiling one TU...
Execute         is_m_axi_addr64 
INFO-FLOW: Handling /home/YL_HUANG/5_13/hls4ml_ours/src/myproject.cpp as C++
Execute         ap_part_info -name xcu50-fsvh2104-2L-e -data info 
Execute         is_encrypted /home/YL_HUANG/5_13/hls4ml_ours/src/myproject.cpp 
Execute         ap_part_info -name xcu50-fsvh2104-2L-e -data info 
INFO-FLOW: Running: GCC PP
INFO-FLOW: Source preprocessing
Execute         clang  -fno-limit-debug-info -gcc-toolchain "/opt/Xilinx/Vivado/2019.2/lnx64/tools/gcc" -hls  -fno-exceptions  -D__llvm__  -E "/home/YL_HUANG/5_13/hls4ml_ours/src/myproject.cpp"   -g -DMYPROJ=myproject -DIS_DENSE -I/home/YL_HUANG/5_13/hls4ml_ours/src -I/home/YL_HUANG/5_13/hls4ml_ours/src -I/home/YL_HUANG/5_13/hls4ml_ours/src/weights -I/home/YL_HUANG/5_13/hls4ml_ours/src/nnet_utils -std=c++11  -fno-math-errno -c -emit-llvm -O0  -mllvm -disable-llvm-optzns -fno-threadsafe-statics  -fno-use-cxa-atexit  -fno-threadsafe-statics -fno-use-cxa-atexit -D__CLANG_3_1__ -DAESL_SYN -D__SYNTHESIS__ -D__HLS_SYN__ -I "/opt/Xilinx/Vivado/2019.2/common/technology/autopilot" -I "/opt/Xilinx/Vivado/2019.2/common/technology/autopilot/ap_sysc" -include etc/autopilot_ssdm_op.h -D__DSP48E2__  -o "/home/YL_HUANG/5_13/hls4ml_ours/_x.sw_emu.xilinx_u50_xdma_201920_1/alveo_hls4ml/alveo_hls4ml/alveo_hls4ml/solution/.autopilot/db/myproject.pp.0.cpp" 
INFO-FLOW: exec /opt/Xilinx/Vivado/2019.2/lnx64/tools/clang/bin/clang -fno-limit-debug-info -gcc-toolchain /opt/Xilinx/Vivado/2019.2/lnx64/tools/gcc -hls -fno-exceptions -D__llvm__ -E /home/YL_HUANG/5_13/hls4ml_ours/src/myproject.cpp -g -DMYPROJ=myproject -DIS_DENSE -I/home/YL_HUANG/5_13/hls4ml_ours/src -I/home/YL_HUANG/5_13/hls4ml_ours/src -I/home/YL_HUANG/5_13/hls4ml_ours/src/weights -I/home/YL_HUANG/5_13/hls4ml_ours/src/nnet_utils -std=c++11 -fno-math-errno -c -emit-llvm -O0 -mllvm -disable-llvm-optzns -fno-threadsafe-statics -fno-use-cxa-atexit -fno-threadsafe-statics -fno-use-cxa-atexit -D__CLANG_3_1__ -DAESL_SYN -D__SYNTHESIS__ -D__HLS_SYN__ -I /opt/Xilinx/Vivado/2019.2/common/technology/autopilot -I /opt/Xilinx/Vivado/2019.2/common/technology/autopilot/ap_sysc -include etc/autopilot_ssdm_op.h -D__DSP48E2__ -o /home/YL_HUANG/5_13/hls4ml_ours/_x.sw_emu.xilinx_u50_xdma_201920_1/alveo_hls4ml/alveo_hls4ml/alveo_hls4ml/solution/.autopilot/db/myproject.pp.0.cpp
Command         clang done; 1.72 sec.
Execute         tidy_31 xilinx-xfmat-array-geometry /home/YL_HUANG/5_13/hls4ml_ours/_x.sw_emu.xilinx_u50_xdma_201920_1/alveo_hls4ml/alveo_hls4ml/alveo_hls4ml/solution/.autopilot/db/myproject.pp.0.cpp std=c++11 
INFO-FLOW: exec /opt/Xilinx/Vivado/2019.2/lnx64/tools/clang-3.9-csynth/bin/tidy-3.1 -header-filter=.* -checks=-*,xilinx-xfmat-array-geometry -quiet -fix /home/YL_HUANG/5_13/hls4ml_ours/_x.sw_emu.xilinx_u50_xdma_201920_1/alveo_hls4ml/alveo_hls4ml/alveo_hls4ml/solution/.autopilot/db/myproject.pp.0.cpp -- -std=c++11 -fhls -ferror-limit=0
Command         tidy_31 done; 5.57 sec.
INFO-FLOW: Syntax Checking before pre-processing...
Execute         clang -syntaxcheck -src /home/YL_HUANG/5_13/hls4ml_ours/_x.sw_emu.xilinx_u50_xdma_201920_1/alveo_hls4ml/alveo_hls4ml/alveo_hls4ml/solution/.autopilot/db/myproject.pp.0.cpp  -fno-limit-debug-info -gcc-toolchain "/opt/Xilinx/Vivado/2019.2/lnx64/tools/gcc" -hls  -g -DMYPROJ=myproject -DIS_DENSE -I/home/YL_HUANG/5_13/hls4ml_ours/src -I/home/YL_HUANG/5_13/hls4ml_ours/src -I/home/YL_HUANG/5_13/hls4ml_ours/src/weights -I/home/YL_HUANG/5_13/hls4ml_ours/src/nnet_utils -std=c++11  -fno-math-errno -c -emit-llvm -O0  -mllvm -disable-llvm-optzns -fno-threadsafe-statics  -fno-use-cxa-atexit  -fno-threadsafe-statics -fno-use-cxa-atexit -D__CLANG_3_1__ -DAESL_SYN -D__SYNTHESIS__ -D__HLS_SYN__ -I "/opt/Xilinx/Vivado/2019.2/common/technology/autopilot" -I "/opt/Xilinx/Vivado/2019.2/common/technology/autopilot/ap_sysc" -include etc/autopilot_ssdm_op.h -D__DSP48E2__  "/home/YL_HUANG/5_13/hls4ml_ours/_x.sw_emu.xilinx_u50_xdma_201920_1/alveo_hls4ml/alveo_hls4ml/alveo_hls4ml/solution/.autopilot/db/myproject.pp.0.cpp"  -o "/home/YL_HUANG/5_13/hls4ml_ours/_x.sw_emu.xilinx_u50_xdma_201920_1/alveo_hls4ml/alveo_hls4ml/alveo_hls4ml/solution/.autopilot/db/useless.bc"  
INFO-FLOW: exec /opt/Xilinx/Vivado/2019.2/lnx64/tools/clang/bin/clang -fno-limit-debug-info -gcc-toolchain /opt/Xilinx/Vivado/2019.2/lnx64/tools/gcc -hls -g -DMYPROJ=myproject -DIS_DENSE -I/home/YL_HUANG/5_13/hls4ml_ours/src -I/home/YL_HUANG/5_13/hls4ml_ours/src -I/home/YL_HUANG/5_13/hls4ml_ours/src/weights -I/home/YL_HUANG/5_13/hls4ml_ours/src/nnet_utils -std=c++11 -fno-math-errno -c -emit-llvm -O0 -mllvm -disable-llvm-optzns -fno-threadsafe-statics -fno-use-cxa-atexit -fno-threadsafe-statics -fno-use-cxa-atexit -D__CLANG_3_1__ -DAESL_SYN -D__SYNTHESIS__ -D__HLS_SYN__ -I /opt/Xilinx/Vivado/2019.2/common/technology/autopilot -I /opt/Xilinx/Vivado/2019.2/common/technology/autopilot/ap_sysc -include etc/autopilot_ssdm_op.h -D__DSP48E2__ /home/YL_HUANG/5_13/hls4ml_ours/_x.sw_emu.xilinx_u50_xdma_201920_1/alveo_hls4ml/alveo_hls4ml/alveo_hls4ml/solution/.autopilot/db/myproject.pp.0.cpp -o /home/YL_HUANG/5_13/hls4ml_ours/_x.sw_emu.xilinx_u50_xdma_201920_1/alveo_hls4ml/alveo_hls4ml/alveo_hls4ml/solution/.autopilot/db/useless.bc
Command         clang done; 6.04 sec.
INFO-FLOW: Done: GCC PP time: 13.3 seconds per iteration
Execute         source /opt/Xilinx/Vivado/2019.2/tps/tcl/tcllib1.11.1/yaml/huddle.tcl 
Execute         source /opt/Xilinx/Vivado/2019.2/tps/tcl/tcllib1.11.1/yaml/json2huddle.tcl 
Execute           source /opt/Xilinx/Vivado/2019.2/tps/tcl/tcllib1.11.1/try/try.tcl 
Execute         list_core -type functional_unit 
Execute         tidy_31 xilinx-systemc-detector /home/YL_HUANG/5_13/hls4ml_ours/_x.sw_emu.xilinx_u50_xdma_201920_1/alveo_hls4ml/alveo_hls4ml/alveo_hls4ml/solution/.autopilot/db/myproject.pp.0.cpp std=c++11 -directive=/home/YL_HUANG/5_13/hls4ml_ours/_x.sw_emu.xilinx_u50_xdma_201920_1/alveo_hls4ml/alveo_hls4ml/alveo_hls4ml/solution/.autopilot/db/.systemc_flag 
INFO-FLOW: exec /opt/Xilinx/Vivado/2019.2/lnx64/tools/clang-3.9-csynth/bin/tidy-3.1 -header-filter=.* -checks=-*,xilinx-systemc-detector -import-directive=/home/YL_HUANG/5_13/hls4ml_ours/_x.sw_emu.xilinx_u50_xdma_201920_1/alveo_hls4ml/alveo_hls4ml/alveo_hls4ml/solution/.autopilot/db/.systemc_flag -quiet -fix-errors /home/YL_HUANG/5_13/hls4ml_ours/_x.sw_emu.xilinx_u50_xdma_201920_1/alveo_hls4ml/alveo_hls4ml/alveo_hls4ml/solution/.autopilot/db/myproject.pp.0.cpp -- -std=c++11 -fhls -ferror-limit=0
Command         tidy_31 done; 6.22 sec.
INFO-FLOW: Running: tidy-3.1 CDT preprocess
Execute         tidy_31 xilinx-directive2pragma /home/YL_HUANG/5_13/hls4ml_ours/_x.sw_emu.xilinx_u50_xdma_201920_1/alveo_hls4ml/alveo_hls4ml/alveo_hls4ml/solution/.autopilot/db/myproject.pp.0.cpp std=c++11 -directive=/home/YL_HUANG/5_13/hls4ml_ours/_x.sw_emu.xilinx_u50_xdma_201920_1/alveo_hls4ml/alveo_hls4ml/alveo_hls4ml/solution/.autopilot/db/all.directive.json 
INFO-FLOW: exec /opt/Xilinx/Vivado/2019.2/lnx64/tools/clang-3.9-csynth/bin/tidy-3.1 -header-filter=.* -checks=-*,xilinx-directive2pragma -import-directive=/home/YL_HUANG/5_13/hls4ml_ours/_x.sw_emu.xilinx_u50_xdma_201920_1/alveo_hls4ml/alveo_hls4ml/alveo_hls4ml/solution/.autopilot/db/all.directive.json -quiet -fix-errors /home/YL_HUANG/5_13/hls4ml_ours/_x.sw_emu.xilinx_u50_xdma_201920_1/alveo_hls4ml/alveo_hls4ml/alveo_hls4ml/solution/.autopilot/db/myproject.pp.0.cpp -- -std=c++11 -fhls -ferror-limit=0
Command         tidy_31 done; 5.45 sec.
Execute         get_config_dataflow -strict_mode 
Execute         ap_eval exec -ignorestderr /opt/Xilinx/Vivado/2019.2/lnx64/tools/clang-3.9-csynth/bin/xilinx-dataflow-lawyer -export-fixes=/home/YL_HUANG/5_13/hls4ml_ours/_x.sw_emu.xilinx_u50_xdma_201920_1/alveo_hls4ml/alveo_hls4ml/alveo_hls4ml/solution/.autopilot/db/xilinx-dataflow-lawyer.myproject.pp.0.cpp.diag.yml /home/YL_HUANG/5_13/hls4ml_ours/_x.sw_emu.xilinx_u50_xdma_201920_1/alveo_hls4ml/alveo_hls4ml/alveo_hls4ml/solution/.autopilot/db/myproject.pp.0.cpp -- -std=c++11 -fhls -ferror-limit=0 -fstrict-dataflow > /home/YL_HUANG/5_13/hls4ml_ours/_x.sw_emu.xilinx_u50_xdma_201920_1/alveo_hls4ml/alveo_hls4ml/alveo_hls4ml/solution/.autopilot/db/xilinx-dataflow-lawyer.myproject.pp.0.cpp.out.log 2> /home/YL_HUANG/5_13/hls4ml_ours/_x.sw_emu.xilinx_u50_xdma_201920_1/alveo_hls4ml/alveo_hls4ml/alveo_hls4ml/solution/.autopilot/db/xilinx-dataflow-lawyer.myproject.pp.0.cpp.err.log 
Command         ap_eval done; 7.11 sec.
Execute         source /opt/Xilinx/Vivado/2019.2/tps/tcl/tcllib1.11.1/yaml/yaml.tcl 
Execute           source /opt/Xilinx/Vivado/2019.2/tps/tcl/tcllib1.11.1/cmdline/cmdline.tcl 
Execute         get_top
Execute           get_top 
Execute         get_files -fullpath
Execute           get_files -fullpath 
WARNING: [HLS 214-114] Since the only kind of statements allowed in a canonical dataflow region are variable declarations and function calls, the compiler may not be able to correctly handle the region: /home/YL_HUANG/5_13/hls4ml_ours/src/nnet_utils/nnet_dense_latency.h:64:9
WARNING: [HLS 214-114] Since the only kind of statements allowed in a canonical dataflow region are variable declarations and function calls, the compiler may not be able to correctly handle the region: /home/YL_HUANG/5_13/hls4ml_ours/src/nnet_utils/nnet_dense_latency.h:79:2
WARNING: [HLS 214-104] Only for-loops and functions support the dataflow: /home/YL_HUANG/5_13/hls4ml_ours/src/nnet_utils/nnet_dense_latency.h:76:9
WARNING: [HLS 214-104] Only for-loops and functions support the dataflow: /home/YL_HUANG/5_13/hls4ml_ours/src/nnet_utils/nnet_batchnorm.h:79:9
Execute         send_msg_by_id WARNING @200-471@%s%s 4 /home/YL_HUANG/5_13/hls4ml_ours/src/myproject.cpp 
WARNING: [HLS 200-471] Dataflow form checks found 4 issue(s) in file /home/YL_HUANG/5_13/hls4ml_ours/src/myproject.cpp
Execute         tidy_31 -errorcheck xilinx-constantarray-param,xilinx-resource-pragma-transformer,xilinx-xfmat-array-geometry /home/YL_HUANG/5_13/hls4ml_ours/_x.sw_emu.xilinx_u50_xdma_201920_1/alveo_hls4ml/alveo_hls4ml/alveo_hls4ml/solution/.autopilot/db/myproject.pp.0.cpp std=c++11 
Execute           ap_eval exec -ignorestderr /opt/Xilinx/Vivado/2019.2/lnx64/tools/clang-3.9-csynth/bin/tidy-3.1 -export-fixes=/home/YL_HUANG/5_13/hls4ml_ours/_x.sw_emu.xilinx_u50_xdma_201920_1/alveo_hls4ml/alveo_hls4ml/alveo_hls4ml/solution/.autopilot/db/tidy-3.1.myproject.pp.0.cpp.diag.yml -header-filter=.* -checks=-*,xilinx-constantarray-param,xilinx-resource-pragma-transformer,xilinx-xfmat-array-geometry -quiet -fix-errors /home/YL_HUANG/5_13/hls4ml_ours/_x.sw_emu.xilinx_u50_xdma_201920_1/alveo_hls4ml/alveo_hls4ml/alveo_hls4ml/solution/.autopilot/db/myproject.pp.0.cpp -- -std=c++11 -fhls -ferror-limit=0 > /home/YL_HUANG/5_13/hls4ml_ours/_x.sw_emu.xilinx_u50_xdma_201920_1/alveo_hls4ml/alveo_hls4ml/alveo_hls4ml/solution/.autopilot/db/tidy-3.1.myproject.pp.0.cpp.out.log 2> /home/YL_HUANG/5_13/hls4ml_ours/_x.sw_emu.xilinx_u50_xdma_201920_1/alveo_hls4ml/alveo_hls4ml/alveo_hls4ml/solution/.autopilot/db/tidy-3.1.myproject.pp.0.cpp.err.log 
Command           ap_eval done; 7.06 sec.
Execute           ap_eval exec -ignorestderr /opt/Xilinx/Vivado/2019.2/lnx64/tools/clang-3.9-csynth/bin/xilinx-legacy-rewriter /home/YL_HUANG/5_13/hls4ml_ours/_x.sw_emu.xilinx_u50_xdma_201920_1/alveo_hls4ml/alveo_hls4ml/alveo_hls4ml/solution/.autopilot/db/myproject.pp.0.cpp -- -std=c++11 -fhls -ferror-limit=0 > /home/YL_HUANG/5_13/hls4ml_ours/_x.sw_emu.xilinx_u50_xdma_201920_1/alveo_hls4ml/alveo_hls4ml/alveo_hls4ml/solution/.autopilot/db/xilinx-legacy-rewriter.myproject.pp.0.cpp.out.log 2> /home/YL_HUANG/5_13/hls4ml_ours/_x.sw_emu.xilinx_u50_xdma_201920_1/alveo_hls4ml/alveo_hls4ml/alveo_hls4ml/solution/.autopilot/db/xilinx-legacy-rewriter.myproject.pp.0.cpp.err.log 
Command           ap_eval done; 4.82 sec.
Command         tidy_31 done; 11.99 sec.
INFO-FLOW: Done: tidy-3.1 CDT preprocess time: 24.6 seconds per iteration
INFO-FLOW: Pragma Handling...
Execute         tidy_31 xilinx-ssdm-intrinsics-arguments /home/YL_HUANG/5_13/hls4ml_ours/_x.sw_emu.xilinx_u50_xdma_201920_1/alveo_hls4ml/alveo_hls4ml/alveo_hls4ml/solution/.autopilot/db/myproject.pragma.1.cpp std=c++11 
INFO-FLOW: exec /opt/Xilinx/Vivado/2019.2/lnx64/tools/clang-3.9-csynth/bin/tidy-3.1 -header-filter=.* -checks=-*,xilinx-ssdm-intrinsics-arguments -quiet -fix-errors /home/YL_HUANG/5_13/hls4ml_ours/_x.sw_emu.xilinx_u50_xdma_201920_1/alveo_hls4ml/alveo_hls4ml/alveo_hls4ml/solution/.autopilot/db/myproject.pragma.1.cpp -- -std=c++11 -fhls -ferror-limit=0
Command         tidy_31 done; 7.82 sec.
Execute         ap_part_info -name xcu50-fsvh2104-2L-e -data info 
INFO-FLOW: Processing labels
Execute         clang -src /home/YL_HUANG/5_13/hls4ml_ours/_x.sw_emu.xilinx_u50_xdma_201920_1/alveo_hls4ml/alveo_hls4ml/alveo_hls4ml/solution/.autopilot/db/myproject.pragma.2.cpp  -fno-limit-debug-info -gcc-toolchain /opt/Xilinx/Vivado/2019.2/lnx64/tools/gcc -hls -hls-analyze-label -hls-analyze-pragma -fno-exceptions  -D__llvm__  -w  "/home/YL_HUANG/5_13/hls4ml_ours/_x.sw_emu.xilinx_u50_xdma_201920_1/alveo_hls4ml/alveo_hls4ml/alveo_hls4ml/solution/.autopilot/db/myproject.pragma.2.cpp"  -g -DMYPROJ=myproject -DIS_DENSE -I/home/YL_HUANG/5_13/hls4ml_ours/src -I/home/YL_HUANG/5_13/hls4ml_ours/src -I/home/YL_HUANG/5_13/hls4ml_ours/src/weights -I/home/YL_HUANG/5_13/hls4ml_ours/src/nnet_utils -std=c++11  -fno-math-errno -c -emit-llvm -O0  -mllvm -disable-llvm-optzns -fno-threadsafe-statics  -fno-use-cxa-atexit -DAESL_SYN -D__SYNTHESIS__ -D__HLS_SYN__ -I "/opt/Xilinx/Vivado/2019.2/common/technology/autopilot" -I "/opt/Xilinx/Vivado/2019.2/common/technology/autopilot/ap_sysc" -include etc/autopilot_ssdm_op.h -D__DSP48E2__ -g -o "/home/YL_HUANG/5_13/hls4ml_ours/_x.sw_emu.xilinx_u50_xdma_201920_1/alveo_hls4ml/alveo_hls4ml/alveo_hls4ml/solution/.autopilot/db/myproject.bc" 
INFO-FLOW: exec /opt/Xilinx/Vivado/2019.2/lnx64/tools/clang/bin/clang -fno-limit-debug-info -gcc-toolchain /opt/Xilinx/Vivado/2019.2/lnx64/tools/gcc -hls -hls-analyze-label -hls-analyze-pragma -fno-exceptions -D__llvm__ -w /home/YL_HUANG/5_13/hls4ml_ours/_x.sw_emu.xilinx_u50_xdma_201920_1/alveo_hls4ml/alveo_hls4ml/alveo_hls4ml/solution/.autopilot/db/myproject.pragma.2.cpp -g -DMYPROJ=myproject -DIS_DENSE -I/home/YL_HUANG/5_13/hls4ml_ours/src -I/home/YL_HUANG/5_13/hls4ml_ours/src -I/home/YL_HUANG/5_13/hls4ml_ours/src/weights -I/home/YL_HUANG/5_13/hls4ml_ours/src/nnet_utils -std=c++11 -fno-math-errno -c -emit-llvm -O0 -mllvm -disable-llvm-optzns -fno-threadsafe-statics -fno-use-cxa-atexit -DAESL_SYN -D__SYNTHESIS__ -D__HLS_SYN__ -I /opt/Xilinx/Vivado/2019.2/common/technology/autopilot -I /opt/Xilinx/Vivado/2019.2/common/technology/autopilot/ap_sysc -include etc/autopilot_ssdm_op.h -D__DSP48E2__ -g -o /home/YL_HUANG/5_13/hls4ml_ours/_x.sw_emu.xilinx_u50_xdma_201920_1/alveo_hls4ml/alveo_hls4ml/alveo_hls4ml/solution/.autopilot/db/myproject.bc
Command         clang done; 6.07 sec.
INFO: [HLS 200-10] Analyzing design file '/home/YL_HUANG/5_13/hls4ml_ours/src/alveo_hls4ml.cpp' ... 
INFO-FLOW: Compiling one TU...
Execute         is_m_axi_addr64 
INFO-FLOW: Handling /home/YL_HUANG/5_13/hls4ml_ours/src/alveo_hls4ml.cpp as C++
Execute         ap_part_info -name xcu50-fsvh2104-2L-e -data info 
Execute         is_encrypted /home/YL_HUANG/5_13/hls4ml_ours/src/alveo_hls4ml.cpp 
Execute         ap_part_info -name xcu50-fsvh2104-2L-e -data info 
INFO-FLOW: Running: GCC PP
INFO-FLOW: Source preprocessing
Execute         clang  -fno-limit-debug-info -gcc-toolchain "/opt/Xilinx/Vivado/2019.2/lnx64/tools/gcc" -hls  -fno-exceptions  -D__llvm__  -E "/home/YL_HUANG/5_13/hls4ml_ours/src/alveo_hls4ml.cpp"   -g -DMYPROJ=myproject -DIS_DENSE -I/home/YL_HUANG/5_13/hls4ml_ours/src -I/home/YL_HUANG/5_13/hls4ml_ours/src -I/home/YL_HUANG/5_13/hls4ml_ours/src/weights -I/home/YL_HUANG/5_13/hls4ml_ours/src/nnet_utils -std=c++11  -fno-math-errno -c -emit-llvm -O0  -mllvm -disable-llvm-optzns -fno-threadsafe-statics  -fno-use-cxa-atexit  -fno-threadsafe-statics -fno-use-cxa-atexit -D__CLANG_3_1__ -DAESL_SYN -D__SYNTHESIS__ -D__HLS_SYN__ -I "/opt/Xilinx/Vivado/2019.2/common/technology/autopilot" -I "/opt/Xilinx/Vivado/2019.2/common/technology/autopilot/ap_sysc" -include etc/autopilot_ssdm_op.h -D__DSP48E2__  -o "/home/YL_HUANG/5_13/hls4ml_ours/_x.sw_emu.xilinx_u50_xdma_201920_1/alveo_hls4ml/alveo_hls4ml/alveo_hls4ml/solution/.autopilot/db/alveo_hls4ml.pp.0.cpp" 
INFO-FLOW: exec /opt/Xilinx/Vivado/2019.2/lnx64/tools/clang/bin/clang -fno-limit-debug-info -gcc-toolchain /opt/Xilinx/Vivado/2019.2/lnx64/tools/gcc -hls -fno-exceptions -D__llvm__ -E /home/YL_HUANG/5_13/hls4ml_ours/src/alveo_hls4ml.cpp -g -DMYPROJ=myproject -DIS_DENSE -I/home/YL_HUANG/5_13/hls4ml_ours/src -I/home/YL_HUANG/5_13/hls4ml_ours/src -I/home/YL_HUANG/5_13/hls4ml_ours/src/weights -I/home/YL_HUANG/5_13/hls4ml_ours/src/nnet_utils -std=c++11 -fno-math-errno -c -emit-llvm -O0 -mllvm -disable-llvm-optzns -fno-threadsafe-statics -fno-use-cxa-atexit -fno-threadsafe-statics -fno-use-cxa-atexit -D__CLANG_3_1__ -DAESL_SYN -D__SYNTHESIS__ -D__HLS_SYN__ -I /opt/Xilinx/Vivado/2019.2/common/technology/autopilot -I /opt/Xilinx/Vivado/2019.2/common/technology/autopilot/ap_sysc -include etc/autopilot_ssdm_op.h -D__DSP48E2__ -o /home/YL_HUANG/5_13/hls4ml_ours/_x.sw_emu.xilinx_u50_xdma_201920_1/alveo_hls4ml/alveo_hls4ml/alveo_hls4ml/solution/.autopilot/db/alveo_hls4ml.pp.0.cpp
Command         clang done; 1.71 sec.
Execute         tidy_31 xilinx-xfmat-array-geometry /home/YL_HUANG/5_13/hls4ml_ours/_x.sw_emu.xilinx_u50_xdma_201920_1/alveo_hls4ml/alveo_hls4ml/alveo_hls4ml/solution/.autopilot/db/alveo_hls4ml.pp.0.cpp std=c++11 
INFO-FLOW: exec /opt/Xilinx/Vivado/2019.2/lnx64/tools/clang-3.9-csynth/bin/tidy-3.1 -header-filter=.* -checks=-*,xilinx-xfmat-array-geometry -quiet -fix /home/YL_HUANG/5_13/hls4ml_ours/_x.sw_emu.xilinx_u50_xdma_201920_1/alveo_hls4ml/alveo_hls4ml/alveo_hls4ml/solution/.autopilot/db/alveo_hls4ml.pp.0.cpp -- -std=c++11 -fhls -ferror-limit=0
Command         tidy_31 done; 0.75 sec.
INFO-FLOW: Syntax Checking before pre-processing...
Execute         clang -syntaxcheck -src /home/YL_HUANG/5_13/hls4ml_ours/_x.sw_emu.xilinx_u50_xdma_201920_1/alveo_hls4ml/alveo_hls4ml/alveo_hls4ml/solution/.autopilot/db/alveo_hls4ml.pp.0.cpp  -fno-limit-debug-info -gcc-toolchain "/opt/Xilinx/Vivado/2019.2/lnx64/tools/gcc" -hls  -g -DMYPROJ=myproject -DIS_DENSE -I/home/YL_HUANG/5_13/hls4ml_ours/src -I/home/YL_HUANG/5_13/hls4ml_ours/src -I/home/YL_HUANG/5_13/hls4ml_ours/src/weights -I/home/YL_HUANG/5_13/hls4ml_ours/src/nnet_utils -std=c++11  -fno-math-errno -c -emit-llvm -O0  -mllvm -disable-llvm-optzns -fno-threadsafe-statics  -fno-use-cxa-atexit  -fno-threadsafe-statics -fno-use-cxa-atexit -D__CLANG_3_1__ -DAESL_SYN -D__SYNTHESIS__ -D__HLS_SYN__ -I "/opt/Xilinx/Vivado/2019.2/common/technology/autopilot" -I "/opt/Xilinx/Vivado/2019.2/common/technology/autopilot/ap_sysc" -include etc/autopilot_ssdm_op.h -D__DSP48E2__  "/home/YL_HUANG/5_13/hls4ml_ours/_x.sw_emu.xilinx_u50_xdma_201920_1/alveo_hls4ml/alveo_hls4ml/alveo_hls4ml/solution/.autopilot/db/alveo_hls4ml.pp.0.cpp"  -o "/home/YL_HUANG/5_13/hls4ml_ours/_x.sw_emu.xilinx_u50_xdma_201920_1/alveo_hls4ml/alveo_hls4ml/alveo_hls4ml/solution/.autopilot/db/useless.bc"  
INFO-FLOW: exec /opt/Xilinx/Vivado/2019.2/lnx64/tools/clang/bin/clang -fno-limit-debug-info -gcc-toolchain /opt/Xilinx/Vivado/2019.2/lnx64/tools/gcc -hls -g -DMYPROJ=myproject -DIS_DENSE -I/home/YL_HUANG/5_13/hls4ml_ours/src -I/home/YL_HUANG/5_13/hls4ml_ours/src -I/home/YL_HUANG/5_13/hls4ml_ours/src/weights -I/home/YL_HUANG/5_13/hls4ml_ours/src/nnet_utils -std=c++11 -fno-math-errno -c -emit-llvm -O0 -mllvm -disable-llvm-optzns -fno-threadsafe-statics -fno-use-cxa-atexit -fno-threadsafe-statics -fno-use-cxa-atexit -D__CLANG_3_1__ -DAESL_SYN -D__SYNTHESIS__ -D__HLS_SYN__ -I /opt/Xilinx/Vivado/2019.2/common/technology/autopilot -I /opt/Xilinx/Vivado/2019.2/common/technology/autopilot/ap_sysc -include etc/autopilot_ssdm_op.h -D__DSP48E2__ /home/YL_HUANG/5_13/hls4ml_ours/_x.sw_emu.xilinx_u50_xdma_201920_1/alveo_hls4ml/alveo_hls4ml/alveo_hls4ml/solution/.autopilot/db/alveo_hls4ml.pp.0.cpp -o /home/YL_HUANG/5_13/hls4ml_ours/_x.sw_emu.xilinx_u50_xdma_201920_1/alveo_hls4ml/alveo_hls4ml/alveo_hls4ml/solution/.autopilot/db/useless.bc
Command         clang done; 2.09 sec.
INFO-FLOW: Done: GCC PP time: 4.6 seconds per iteration
Execute         list_core -type functional_unit 
Execute         tidy_31 xilinx-systemc-detector /home/YL_HUANG/5_13/hls4ml_ours/_x.sw_emu.xilinx_u50_xdma_201920_1/alveo_hls4ml/alveo_hls4ml/alveo_hls4ml/solution/.autopilot/db/alveo_hls4ml.pp.0.cpp std=c++11 -directive=/home/YL_HUANG/5_13/hls4ml_ours/_x.sw_emu.xilinx_u50_xdma_201920_1/alveo_hls4ml/alveo_hls4ml/alveo_hls4ml/solution/.autopilot/db/.systemc_flag 
INFO-FLOW: exec /opt/Xilinx/Vivado/2019.2/lnx64/tools/clang-3.9-csynth/bin/tidy-3.1 -header-filter=.* -checks=-*,xilinx-systemc-detector -import-directive=/home/YL_HUANG/5_13/hls4ml_ours/_x.sw_emu.xilinx_u50_xdma_201920_1/alveo_hls4ml/alveo_hls4ml/alveo_hls4ml/solution/.autopilot/db/.systemc_flag -quiet -fix-errors /home/YL_HUANG/5_13/hls4ml_ours/_x.sw_emu.xilinx_u50_xdma_201920_1/alveo_hls4ml/alveo_hls4ml/alveo_hls4ml/solution/.autopilot/db/alveo_hls4ml.pp.0.cpp -- -std=c++11 -fhls -ferror-limit=0
Command         tidy_31 done; 0.68 sec.
INFO-FLOW: Running: tidy-3.1 CDT preprocess
Execute         tidy_31 xilinx-directive2pragma /home/YL_HUANG/5_13/hls4ml_ours/_x.sw_emu.xilinx_u50_xdma_201920_1/alveo_hls4ml/alveo_hls4ml/alveo_hls4ml/solution/.autopilot/db/alveo_hls4ml.pp.0.cpp std=c++11 -directive=/home/YL_HUANG/5_13/hls4ml_ours/_x.sw_emu.xilinx_u50_xdma_201920_1/alveo_hls4ml/alveo_hls4ml/alveo_hls4ml/solution/.autopilot/db/all.directive.json 
INFO-FLOW: exec /opt/Xilinx/Vivado/2019.2/lnx64/tools/clang-3.9-csynth/bin/tidy-3.1 -header-filter=.* -checks=-*,xilinx-directive2pragma -import-directive=/home/YL_HUANG/5_13/hls4ml_ours/_x.sw_emu.xilinx_u50_xdma_201920_1/alveo_hls4ml/alveo_hls4ml/alveo_hls4ml/solution/.autopilot/db/all.directive.json -quiet -fix-errors /home/YL_HUANG/5_13/hls4ml_ours/_x.sw_emu.xilinx_u50_xdma_201920_1/alveo_hls4ml/alveo_hls4ml/alveo_hls4ml/solution/.autopilot/db/alveo_hls4ml.pp.0.cpp -- -std=c++11 -fhls -ferror-limit=0
Command         tidy_31 done; 0.67 sec.
Execute         get_config_dataflow -strict_mode 
Execute         ap_eval exec -ignorestderr /opt/Xilinx/Vivado/2019.2/lnx64/tools/clang-3.9-csynth/bin/xilinx-dataflow-lawyer -export-fixes=/home/YL_HUANG/5_13/hls4ml_ours/_x.sw_emu.xilinx_u50_xdma_201920_1/alveo_hls4ml/alveo_hls4ml/alveo_hls4ml/solution/.autopilot/db/xilinx-dataflow-lawyer.alveo_hls4ml.pp.0.cpp.diag.yml /home/YL_HUANG/5_13/hls4ml_ours/_x.sw_emu.xilinx_u50_xdma_201920_1/alveo_hls4ml/alveo_hls4ml/alveo_hls4ml/solution/.autopilot/db/alveo_hls4ml.pp.0.cpp -- -std=c++11 -fhls -ferror-limit=0 -fstrict-dataflow > /home/YL_HUANG/5_13/hls4ml_ours/_x.sw_emu.xilinx_u50_xdma_201920_1/alveo_hls4ml/alveo_hls4ml/alveo_hls4ml/solution/.autopilot/db/xilinx-dataflow-lawyer.alveo_hls4ml.pp.0.cpp.out.log 2> /home/YL_HUANG/5_13/hls4ml_ours/_x.sw_emu.xilinx_u50_xdma_201920_1/alveo_hls4ml/alveo_hls4ml/alveo_hls4ml/solution/.autopilot/db/xilinx-dataflow-lawyer.alveo_hls4ml.pp.0.cpp.err.log 
Command         ap_eval done; 0.77 sec.
WARNING: [HLS 214-111] Static scalars and arrays declared inside a dataflow region will be treated like local variables: /home/YL_HUANG/5_13/hls4ml_ours/src/alveo_hls4ml.cpp:97:25
WARNING: [HLS 214-111] Static scalars and arrays declared inside a dataflow region will be treated like local variables: /home/YL_HUANG/5_13/hls4ml_ours/src/alveo_hls4ml.cpp:98:28
WARNING: [HLS 214-111] Static scalars and arrays declared inside a dataflow region will be treated like local variables: /home/YL_HUANG/5_13/hls4ml_ours/src/alveo_hls4ml.cpp:99:28
WARNING: [HLS 214-111] Static scalars and arrays declared inside a dataflow region will be treated like local variables: /home/YL_HUANG/5_13/hls4ml_ours/src/alveo_hls4ml.cpp:100:28
WARNING: [HLS 214-111] Static scalars and arrays declared inside a dataflow region will be treated like local variables: /home/YL_HUANG/5_13/hls4ml_ours/src/alveo_hls4ml.cpp:101:28
WARNING: [HLS 214-111] Static scalars and arrays declared inside a dataflow region will be treated like local variables: /home/YL_HUANG/5_13/hls4ml_ours/src/alveo_hls4ml.cpp:102:28
WARNING: [HLS 214-111] Static scalars and arrays declared inside a dataflow region will be treated like local variables: /home/YL_HUANG/5_13/hls4ml_ours/src/alveo_hls4ml.cpp:109:14
WARNING: [HLS 214-114] Since the only kind of statements allowed in a canonical dataflow region are variable declarations and function calls, the compiler may not be able to correctly handle the region: /home/YL_HUANG/5_13/hls4ml_ours/src/alveo_hls4ml.cpp:111:5
Execute         send_msg_by_id WARNING @200-471@%s%s 8 /home/YL_HUANG/5_13/hls4ml_ours/src/alveo_hls4ml.cpp 
WARNING: [HLS 200-471] Dataflow form checks found 8 issue(s) in file /home/YL_HUANG/5_13/hls4ml_ours/src/alveo_hls4ml.cpp
Execute         tidy_31 -errorcheck xilinx-constantarray-param,xilinx-resource-pragma-transformer,xilinx-xfmat-array-geometry /home/YL_HUANG/5_13/hls4ml_ours/_x.sw_emu.xilinx_u50_xdma_201920_1/alveo_hls4ml/alveo_hls4ml/alveo_hls4ml/solution/.autopilot/db/alveo_hls4ml.pp.0.cpp std=c++11 
Execute           ap_eval exec -ignorestderr /opt/Xilinx/Vivado/2019.2/lnx64/tools/clang-3.9-csynth/bin/tidy-3.1 -export-fixes=/home/YL_HUANG/5_13/hls4ml_ours/_x.sw_emu.xilinx_u50_xdma_201920_1/alveo_hls4ml/alveo_hls4ml/alveo_hls4ml/solution/.autopilot/db/tidy-3.1.alveo_hls4ml.pp.0.cpp.diag.yml -header-filter=.* -checks=-*,xilinx-constantarray-param,xilinx-resource-pragma-transformer,xilinx-xfmat-array-geometry -quiet -fix-errors /home/YL_HUANG/5_13/hls4ml_ours/_x.sw_emu.xilinx_u50_xdma_201920_1/alveo_hls4ml/alveo_hls4ml/alveo_hls4ml/solution/.autopilot/db/alveo_hls4ml.pp.0.cpp -- -std=c++11 -fhls -ferror-limit=0 > /home/YL_HUANG/5_13/hls4ml_ours/_x.sw_emu.xilinx_u50_xdma_201920_1/alveo_hls4ml/alveo_hls4ml/alveo_hls4ml/solution/.autopilot/db/tidy-3.1.alveo_hls4ml.pp.0.cpp.out.log 2> /home/YL_HUANG/5_13/hls4ml_ours/_x.sw_emu.xilinx_u50_xdma_201920_1/alveo_hls4ml/alveo_hls4ml/alveo_hls4ml/solution/.autopilot/db/tidy-3.1.alveo_hls4ml.pp.0.cpp.err.log 
Command           ap_eval done; 0.86 sec.
Execute           ap_eval exec -ignorestderr /opt/Xilinx/Vivado/2019.2/lnx64/tools/clang-3.9-csynth/bin/xilinx-legacy-rewriter /home/YL_HUANG/5_13/hls4ml_ours/_x.sw_emu.xilinx_u50_xdma_201920_1/alveo_hls4ml/alveo_hls4ml/alveo_hls4ml/solution/.autopilot/db/alveo_hls4ml.pp.0.cpp -- -std=c++11 -fhls -ferror-limit=0 > /home/YL_HUANG/5_13/hls4ml_ours/_x.sw_emu.xilinx_u50_xdma_201920_1/alveo_hls4ml/alveo_hls4ml/alveo_hls4ml/solution/.autopilot/db/xilinx-legacy-rewriter.alveo_hls4ml.pp.0.cpp.out.log 2> /home/YL_HUANG/5_13/hls4ml_ours/_x.sw_emu.xilinx_u50_xdma_201920_1/alveo_hls4ml/alveo_hls4ml/alveo_hls4ml/solution/.autopilot/db/xilinx-legacy-rewriter.alveo_hls4ml.pp.0.cpp.err.log 
Command           ap_eval done; 0.59 sec.
Command         tidy_31 done; 1.46 sec.
INFO-FLOW: Done: tidy-3.1 CDT preprocess time: 3 seconds per iteration
INFO-FLOW: Pragma Handling...
Execute         tidy_31 xilinx-ssdm-intrinsics-arguments /home/YL_HUANG/5_13/hls4ml_ours/_x.sw_emu.xilinx_u50_xdma_201920_1/alveo_hls4ml/alveo_hls4ml/alveo_hls4ml/solution/.autopilot/db/alveo_hls4ml.pragma.1.cpp std=c++11 
INFO-FLOW: exec /opt/Xilinx/Vivado/2019.2/lnx64/tools/clang-3.9-csynth/bin/tidy-3.1 -header-filter=.* -checks=-*,xilinx-ssdm-intrinsics-arguments -quiet -fix-errors /home/YL_HUANG/5_13/hls4ml_ours/_x.sw_emu.xilinx_u50_xdma_201920_1/alveo_hls4ml/alveo_hls4ml/alveo_hls4ml/solution/.autopilot/db/alveo_hls4ml.pragma.1.cpp -- -std=c++11 -fhls -ferror-limit=0
Command         tidy_31 done; 1.43 sec.
Execute         ap_part_info -name xcu50-fsvh2104-2L-e -data info 
INFO-FLOW: Processing labels
Execute         clang -src /home/YL_HUANG/5_13/hls4ml_ours/_x.sw_emu.xilinx_u50_xdma_201920_1/alveo_hls4ml/alveo_hls4ml/alveo_hls4ml/solution/.autopilot/db/alveo_hls4ml.pragma.2.cpp  -fno-limit-debug-info -gcc-toolchain /opt/Xilinx/Vivado/2019.2/lnx64/tools/gcc -hls -hls-analyze-label -hls-analyze-pragma -fno-exceptions  -D__llvm__  -w  "/home/YL_HUANG/5_13/hls4ml_ours/_x.sw_emu.xilinx_u50_xdma_201920_1/alveo_hls4ml/alveo_hls4ml/alveo_hls4ml/solution/.autopilot/db/alveo_hls4ml.pragma.2.cpp"  -g -DMYPROJ=myproject -DIS_DENSE -I/home/YL_HUANG/5_13/hls4ml_ours/src -I/home/YL_HUANG/5_13/hls4ml_ours/src -I/home/YL_HUANG/5_13/hls4ml_ours/src/weights -I/home/YL_HUANG/5_13/hls4ml_ours/src/nnet_utils -std=c++11  -fno-math-errno -c -emit-llvm -O0  -mllvm -disable-llvm-optzns -fno-threadsafe-statics  -fno-use-cxa-atexit -DAESL_SYN -D__SYNTHESIS__ -D__HLS_SYN__ -I "/opt/Xilinx/Vivado/2019.2/common/technology/autopilot" -I "/opt/Xilinx/Vivado/2019.2/common/technology/autopilot/ap_sysc" -include etc/autopilot_ssdm_op.h -D__DSP48E2__ -g -o "/home/YL_HUANG/5_13/hls4ml_ours/_x.sw_emu.xilinx_u50_xdma_201920_1/alveo_hls4ml/alveo_hls4ml/alveo_hls4ml/solution/.autopilot/db/alveo_hls4ml.bc" 
INFO-FLOW: exec /opt/Xilinx/Vivado/2019.2/lnx64/tools/clang/bin/clang -fno-limit-debug-info -gcc-toolchain /opt/Xilinx/Vivado/2019.2/lnx64/tools/gcc -hls -hls-analyze-label -hls-analyze-pragma -fno-exceptions -D__llvm__ -w /home/YL_HUANG/5_13/hls4ml_ours/_x.sw_emu.xilinx_u50_xdma_201920_1/alveo_hls4ml/alveo_hls4ml/alveo_hls4ml/solution/.autopilot/db/alveo_hls4ml.pragma.2.cpp -g -DMYPROJ=myproject -DIS_DENSE -I/home/YL_HUANG/5_13/hls4ml_ours/src -I/home/YL_HUANG/5_13/hls4ml_ours/src -I/home/YL_HUANG/5_13/hls4ml_ours/src/weights -I/home/YL_HUANG/5_13/hls4ml_ours/src/nnet_utils -std=c++11 -fno-math-errno -c -emit-llvm -O0 -mllvm -disable-llvm-optzns -fno-threadsafe-statics -fno-use-cxa-atexit -DAESL_SYN -D__SYNTHESIS__ -D__HLS_SYN__ -I /opt/Xilinx/Vivado/2019.2/common/technology/autopilot -I /opt/Xilinx/Vivado/2019.2/common/technology/autopilot/ap_sysc -include etc/autopilot_ssdm_op.h -D__DSP48E2__ -g -o /home/YL_HUANG/5_13/hls4ml_ours/_x.sw_emu.xilinx_u50_xdma_201920_1/alveo_hls4ml/alveo_hls4ml/alveo_hls4ml/solution/.autopilot/db/alveo_hls4ml.bc
Command         clang done; 2.1 sec.
INFO-FLOW: Linking Debug ...
Execute         llvm-ld /home/YL_HUANG/5_13/hls4ml_ours/_x.sw_emu.xilinx_u50_xdma_201920_1/alveo_hls4ml/alveo_hls4ml/alveo_hls4ml/solution/.autopilot/db/myproject.g.bc /home/YL_HUANG/5_13/hls4ml_ours/_x.sw_emu.xilinx_u50_xdma_201920_1/alveo_hls4ml/alveo_hls4ml/alveo_hls4ml/solution/.autopilot/db/alveo_hls4ml.g.bc -hls-opt -except-internalize alveo_hls4ml -L/opt/Xilinx/Vivado/2019.2/lnx64/lib -lhlsm -lhlsmc++ -o /home/YL_HUANG/5_13/hls4ml_ours/_x.sw_emu.xilinx_u50_xdma_201920_1/alveo_hls4ml/alveo_hls4ml/alveo_hls4ml/solution/.autopilot/db/a.g 
Command         llvm-ld done; 1.89 sec.
INFO: [HLS 200-111] Finished Linking Time (s): cpu = 00:01:12 ; elapsed = 00:01:15 . Memory (MB): peak = 1046.043 ; gain = 526.004 ; free physical = 66050 ; free virtual = 110212
INFO: [HLS 200-111] Finished Checking Pragmas Time (s): cpu = 00:01:12 ; elapsed = 00:01:15 . Memory (MB): peak = 1046.043 ; gain = 526.004 ; free physical = 66050 ; free virtual = 110212
Execute         get_config_sdx -target 
Execute         get_config_rtl -kernel_profile 
INFO-FLOW: Generating Kernel XML ...
Execute         transform -hls -top=alveo_hls4ml -xcl-target=hls -xcl-xmlinfo=/home/YL_HUANG/5_13/hls4ml_ours/_x.sw_emu.xilinx_u50_xdma_201920_1/alveo_hls4ml/alveo_hls4ml/alveo_hls4ml/solution/.autopilot/db/../../../kernel.xml -xcl-profiletype=stall -mem2reg -hlskernelxml /home/YL_HUANG/5_13/hls4ml_ours/_x.sw_emu.xilinx_u50_xdma_201920_1/alveo_hls4ml/alveo_hls4ml/alveo_hls4ml/solution/.autopilot/db/a.g.bc -o /home/YL_HUANG/5_13/hls4ml_ours/_x.sw_emu.xilinx_u50_xdma_201920_1/alveo_hls4ml/alveo_hls4ml/alveo_hls4ml/solution/.autopilot/db/a.cl.xml.bc -f 
Command         transform done; 0.46 sec.
INFO-FLOW: DBG:CMD: Copying raw kernel.xml: /home/YL_HUANG/5_13/hls4ml_ours/_x.sw_emu.xilinx_u50_xdma_201920_1/alveo_hls4ml/alveo_hls4ml/alveo_hls4ml/solution/.autopilot/db/../../../kernel.xml -> /home/YL_HUANG/5_13/hls4ml_ours/_x.sw_emu.xilinx_u50_xdma_201920_1/alveo_hls4ml/alveo_hls4ml/alveo_hls4ml/solution/.autopilot/db/kernel.internal.xml
Command       elaborate done; 73.51 sec.
Command     csynth_design done; 73.51 sec.
Execute     close_project 
Execute     cleanup_all 
