[OPTRACE]|140190137010176|1|OPTraceCPP|cpp|1652951188774|START|v++|ROLLUP_0
[OPTRACE]|140190137010176|2|OPTraceCPP|cpp|1652951188774|START|Validate Kernels|
[OPTRACE]|140190137010176|3|OPTraceCPP|cpp|1652951188836|END|Validate Kernels|
[OPTRACE]|140190137010176|4|OPTraceCPP|cpp|1652951188895|START|CreateSolution|
[OPTRACE]|140190137010176|5|OPTraceCPP|cpp|1652951190834|END|CreateSolution|
[OPTRACE]|140190137010176|6|OPTraceCPP|cpp|1652951190834|START|AddDevice|
[OPTRACE]|140190137010176|7|OPTraceCPP|cpp|1652951190834|START|Find & load device|
[OPTRACE]|140190137010176|8|OPTraceCPP|cpp|1652951190933|END|Find & load device|
[OPTRACE]|140190137010176|9|OPTraceCPP|cpp|1652951196070|END|AddDevice|
[OPTRACE]|140190137010176|10|OPTraceCPP|cpp|1652951196080|START|OCL_LINK|
[OPTRACE]|140190137010176|11|OPTraceCPP|cpp|1652951196080|START|CreateBinary|
[OPTRACE]|140190137010176|12|OPTraceCPP|cpp|1652951196080|END|CreateBinary|
[OPTRACE]|140190137010176|13|OPTraceCPP|cpp|1652951196080|START|Extract Kernels|
[OPTRACE]|140190137010176|14|OPTraceCPP|cpp|1652951196089|END|Extract Kernels|
[OPTRACE]|140190137010176|15|OPTraceCPP|cpp|1652951196095|START|regiongen_0|ROLLUP_AUTO
[OPTRACE]|140190137010176|16|OPTraceCPP|cpp|1652951197220|END|regiongen_0|ROLLUP_AUTO
[OPTRACE]|140190137010176|17|OPTraceCPP|cpp|1652951197222|START|gcc_1|ROLLUP_AUTO
[OPTRACE]|140190137010176|18|OPTraceCPP|cpp|1652951200461|END|gcc_1|ROLLUP_AUTO
[OPTRACE]|140190137010176|19|OPTraceCPP|cpp|1652951200461|START|gcc_2|ROLLUP_AUTO
[OPTRACE]|140190137010176|20|OPTraceCPP|cpp|1652951201729|END|gcc_2|ROLLUP_AUTO
[OPTRACE]|140190137010176|21|OPTraceCPP|cpp|1652951201729|START|ar_3|ROLLUP_AUTO
[OPTRACE]|140190137010176|22|OPTraceCPP|cpp|1652951201741|END|ar_3|ROLLUP_AUTO
[OPTRACE]|140190137010176|23|OPTraceCPP|cpp|1652951201742|START|g++_4|ROLLUP_AUTO
[OPTRACE]|140190137010176|24|OPTraceCPP|cpp|1652951202780|END|g++_4|ROLLUP_AUTO
[OPTRACE]|140190137010176|25|OPTraceCPP|cpp|1652951202780|START|g++_5|ROLLUP_AUTO
[OPTRACE]|140190137010176|26|OPTraceCPP|cpp|1652951202884|END|g++_5|ROLLUP_AUTO
[OPTRACE]|140190137010176|27|OPTraceCPP|cpp|1652951202887|START|xclbinutil_6|ROLLUP_AUTO
[OPTRACE]|140190137010176|28|OPTraceCPP|cpp|1652951202950|END|xclbinutil_6|ROLLUP_AUTO
[OPTRACE]|140190137010176|29|OPTraceCPP|cpp|1652951202950|START|xclbinutil_7|ROLLUP_AUTO
[OPTRACE]|140190137010176|30|OPTraceCPP|cpp|1652951203023|END|xclbinutil_7|ROLLUP_AUTO
[OPTRACE]|140190137010176|31|OPTraceCPP|cpp|1652951203023|END|OCL_LINK|
[OPTRACE]|140190137010176|32|OPTraceCPP|cpp|1652951203085|END|v++|
